{"/Users/jaytong/Dropbox/hackreactor/rh_buysellmodule/src/App.jsx": {"path":"/Users/jaytong/Dropbox/hackreactor/rh_buysellmodule/src/App.jsx","statementMap":{"0":{"start":{"line":5,"column":21},"end":{"line":12,"column":1}},"1":{"start":{"line":6,"column":2},"end":{"line":11,"column":19}},"2":{"start":{"line":16,"column":4},"end":{"line":16,"column":17}},"3":{"start":{"line":18,"column":4},"end":{"line":31,"column":6}},"4":{"start":{"line":33,"column":4},"end":{"line":33,"column":71}},"5":{"start":{"line":34,"column":4},"end":{"line":34,"column":73}},"6":{"start":{"line":35,"column":4},"end":{"line":35,"column":63}},"7":{"start":{"line":39,"column":4},"end":{"line":39,"column":24}},"8":{"start":{"line":43,"column":4},"end":{"line":43,"column":36}},"9":{"start":{"line":48,"column":4},"end":{"line":48,"column":36}},"10":{"start":{"line":53,"column":4},"end":{"line":53,"column":36}},"11":{"start":{"line":54,"column":16},"end":{"line":54,"column":23}},"12":{"start":{"line":55,"column":4},"end":{"line":59,"column":5}},"13":{"start":{"line":56,"column":6},"end":{"line":58,"column":9}},"14":{"start":{"line":60,"column":4},"end":{"line":64,"column":5}},"15":{"start":{"line":61,"column":6},"end":{"line":63,"column":9}},"16":{"start":{"line":68,"column":4},"end":{"line":74,"column":9}},"17":{"start":{"line":69,"column":19},"end":{"line":69,"column":27}},"18":{"start":{"line":71,"column":8},"end":{"line":73,"column":11}},"19":{"start":{"line":78,"column":4},"end":{"line":124,"column":6}},"20":{"start":{"line":109,"column":27},"end":{"line":109,"column":52}}},"fnMap":{"0":{"name":"(anonymous_0)","decl":{"start":{"line":5,"column":21},"end":{"line":5,"column":22}},"loc":{"start":{"line":6,"column":2},"end":{"line":11,"column":19}},"line":6},"1":{"name":"(anonymous_1)","decl":{"start":{"line":15,"column":2},"end":{"line":15,"column":3}},"loc":{"start":{"line":15,"column":21},"end":{"line":36,"column":3}},"line":15},"2":{"name":"(anonymous_2)","decl":{"start":{"line":38,"column":2},"end":{"line":38,"column":3}},"loc":{"start":{"line":38,"column":22},"end":{"line":40,"column":3}},"line":38},"3":{"name":"(anonymous_3)","decl":{"start":{"line":42,"column":2},"end":{"line":42,"column":3}},"loc":{"start":{"line":42,"column":31},"end":{"line":45,"column":3}},"line":42},"4":{"name":"(anonymous_4)","decl":{"start":{"line":47,"column":2},"end":{"line":47,"column":3}},"loc":{"start":{"line":47,"column":32},"end":{"line":50,"column":3}},"line":47},"5":{"name":"(anonymous_5)","decl":{"start":{"line":52,"column":2},"end":{"line":52,"column":3}},"loc":{"start":{"line":52,"column":27},"end":{"line":65,"column":3}},"line":52},"6":{"name":"(anonymous_6)","decl":{"start":{"line":67,"column":2},"end":{"line":67,"column":3}},"loc":{"start":{"line":67,"column":17},"end":{"line":75,"column":3}},"line":67},"7":{"name":"(anonymous_7)","decl":{"start":{"line":69,"column":12},"end":{"line":69,"column":13}},"loc":{"start":{"line":69,"column":19},"end":{"line":69,"column":27}},"line":69},"8":{"name":"(anonymous_8)","decl":{"start":{"line":70,"column":12},"end":{"line":70,"column":13}},"loc":{"start":{"line":70,"column":24},"end":{"line":74,"column":7}},"line":70},"9":{"name":"(anonymous_9)","decl":{"start":{"line":77,"column":2},"end":{"line":77,"column":3}},"loc":{"start":{"line":77,"column":11},"end":{"line":125,"column":3}},"line":77},"10":{"name":"(anonymous_10)","decl":{"start":{"line":109,"column":22},"end":{"line":109,"column":23}},"loc":{"start":{"line":109,"column":27},"end":{"line":109,"column":52}},"line":109}},"branchMap":{"0":{"loc":{"start":{"line":55,"column":4},"end":{"line":59,"column":5}},"type":"if","locations":[{"start":{"line":55,"column":4},"end":{"line":59,"column":5}},{"start":{"line":55,"column":4},"end":{"line":59,"column":5}}],"line":55},"1":{"loc":{"start":{"line":60,"column":4},"end":{"line":64,"column":5}},"type":"if","locations":[{"start":{"line":60,"column":4},"end":{"line":64,"column":5}},{"start":{"line":60,"column":4},"end":{"line":64,"column":5}}],"line":60}},"s":{"0":1,"1":7,"2":5,"3":5,"4":5,"5":5,"6":5,"7":5,"8":0,"9":0,"10":0,"11":0,"12":0,"13":0,"14":0,"15":0,"16":5,"17":0,"18":0,"19":5,"20":0},"f":{"0":7,"1":5,"2":5,"3":0,"4":0,"5":0,"6":5,"7":0,"8":0,"9":5,"10":0},"b":{"0":[0,0],"1":[0,0]},"_coverageSchema":"43e27e138ebf9cfc5966b082cf9a028302ed4184","hash":"579e504497206dbabae55185e8c83d9b49326713"}
,"/Users/jaytong/Dropbox/hackreactor/rh_buysellmodule/src/Dropdown.jsx": {"path":"/Users/jaytong/Dropbox/hackreactor/rh_buysellmodule/src/Dropdown.jsx","statementMap":{"0":{"start":{"line":6,"column":4},"end":{"line":6,"column":19}},"1":{"start":{"line":7,"column":4},"end":{"line":7,"column":59}},"2":{"start":{"line":8,"column":4},"end":{"line":10,"column":5}},"3":{"start":{"line":14,"column":4},"end":{"line":16,"column":6}},"4":{"start":{"line":19,"column":22},"end":{"line":22,"column":5}},"5":{"start":{"line":23,"column":4},"end":{"line":27,"column":6}},"6":{"start":{"line":36,"column":4},"end":{"line":36,"column":19}},"7":{"start":{"line":38,"column":4},"end":{"line":40,"column":6}},"8":{"start":{"line":41,"column":4},"end":{"line":41,"column":57}},"9":{"start":{"line":42,"column":4},"end":{"line":42,"column":59}},"10":{"start":{"line":43,"column":4},"end":{"line":43,"column":65}},"11":{"start":{"line":44,"column":4},"end":{"line":44,"column":67}},"12":{"start":{"line":45,"column":4},"end":{"line":45,"column":67}},"13":{"start":{"line":48,"column":4},"end":{"line":61,"column":5}},"14":{"start":{"line":50,"column":8},"end":{"line":52,"column":11}},"15":{"start":{"line":53,"column":8},"end":{"line":53,"column":72}},"16":{"start":{"line":54,"column":8},"end":{"line":54,"column":14}},"17":{"start":{"line":56,"column":8},"end":{"line":58,"column":11}},"18":{"start":{"line":59,"column":8},"end":{"line":59,"column":69}},"19":{"start":{"line":60,"column":8},"end":{"line":60,"column":13}},"20":{"start":{"line":64,"column":4},"end":{"line":64,"column":29}},"21":{"start":{"line":65,"column":4},"end":{"line":65,"column":33}},"22":{"start":{"line":68,"column":4},"end":{"line":68,"column":33}},"23":{"start":{"line":71,"column":4},"end":{"line":71,"column":45}},"24":{"start":{"line":74,"column":4},"end":{"line":74,"column":35}},"25":{"start":{"line":74,"column":28},"end":{"line":74,"column":35}},"26":{"start":{"line":76,"column":4},"end":{"line":76,"column":128}},"27":{"start":{"line":80,"column":27},"end":{"line":80,"column":99}},"28":{"start":{"line":81,"column":21},"end":{"line":81,"column":41}},"29":{"start":{"line":82,"column":17},"end":{"line":82,"column":23}},"30":{"start":{"line":83,"column":4},"end":{"line":87,"column":5}},"31":{"start":{"line":84,"column":6},"end":{"line":84,"column":38}},"32":{"start":{"line":85,"column":6},"end":{"line":85,"column":56}},"33":{"start":{"line":86,"column":6},"end":{"line":86,"column":23}},"34":{"start":{"line":89,"column":4},"end":{"line":97,"column":6}},"35":{"start":{"line":103,"column":4},"end":{"line":103,"column":19}},"36":{"start":{"line":106,"column":18},"end":{"line":111,"column":6}},"37":{"start":{"line":108,"column":6},"end":{"line":110,"column":8}},"38":{"start":{"line":112,"column":4},"end":{"line":116,"column":6}}},"fnMap":{"0":{"name":"(anonymous_0)","decl":{"start":{"line":5,"column":2},"end":{"line":5,"column":3}},"loc":{"start":{"line":5,"column":22},"end":{"line":11,"column":3}},"line":5},"1":{"name":"(anonymous_1)","decl":{"start":{"line":13,"column":2},"end":{"line":13,"column":3}},"loc":{"start":{"line":13,"column":23},"end":{"line":17,"column":3}},"line":13},"2":{"name":"(anonymous_2)","decl":{"start":{"line":18,"column":2},"end":{"line":18,"column":3}},"loc":{"start":{"line":18,"column":10},"end":{"line":28,"column":3}},"line":18},"3":{"name":"(anonymous_3)","decl":{"start":{"line":35,"column":2},"end":{"line":35,"column":3}},"loc":{"start":{"line":35,"column":22},"end":{"line":46,"column":3}},"line":35},"4":{"name":"(anonymous_4)","decl":{"start":{"line":47,"column":2},"end":{"line":47,"column":3}},"loc":{"start":{"line":47,"column":27},"end":{"line":62,"column":3}},"line":47},"5":{"name":"(anonymous_5)","decl":{"start":{"line":63,"column":2},"end":{"line":63,"column":3}},"loc":{"start":{"line":63,"column":23},"end":{"line":66,"column":3}},"line":63},"6":{"name":"(anonymous_6)","decl":{"start":{"line":67,"column":2},"end":{"line":67,"column":3}},"loc":{"start":{"line":67,"column":23},"end":{"line":69,"column":3}},"line":67},"7":{"name":"(anonymous_7)","decl":{"start":{"line":70,"column":2},"end":{"line":70,"column":3}},"loc":{"start":{"line":70,"column":23},"end":{"line":72,"column":3}},"line":70},"8":{"name":"(anonymous_8)","decl":{"start":{"line":73,"column":2},"end":{"line":73,"column":3}},"loc":{"start":{"line":73,"column":23},"end":{"line":77,"column":3}},"line":73},"9":{"name":"(anonymous_9)","decl":{"start":{"line":79,"column":2},"end":{"line":79,"column":3}},"loc":{"start":{"line":79,"column":10},"end":{"line":98,"column":3}},"line":79},"10":{"name":"(anonymous_10)","decl":{"start":{"line":102,"column":2},"end":{"line":102,"column":3}},"loc":{"start":{"line":102,"column":22},"end":{"line":104,"column":3}},"line":102},"11":{"name":"(anonymous_11)","decl":{"start":{"line":105,"column":2},"end":{"line":105,"column":3}},"loc":{"start":{"line":105,"column":10},"end":{"line":117,"column":3}},"line":105},"12":{"name":"(anonymous_12)","decl":{"start":{"line":106,"column":41},"end":{"line":106,"column":42}},"loc":{"start":{"line":106,"column":56},"end":{"line":111,"column":5}},"line":106}},"branchMap":{"0":{"loc":{"start":{"line":48,"column":4},"end":{"line":61,"column":5}},"type":"switch","locations":[{"start":{"line":49,"column":6},"end":{"line":54,"column":14}},{"start":{"line":55,"column":6},"end":{"line":60,"column":13}}],"line":48},"1":{"loc":{"start":{"line":74,"column":4},"end":{"line":74,"column":35}},"type":"if","locations":[{"start":{"line":74,"column":4},"end":{"line":74,"column":35}},{"start":{"line":74,"column":4},"end":{"line":74,"column":35}}],"line":74},"2":{"loc":{"start":{"line":80,"column":44},"end":{"line":80,"column":98}},"type":"cond-expr","locations":[{"start":{"line":80,"column":67},"end":{"line":80,"column":93}},{"start":{"line":80,"column":96},"end":{"line":80,"column":98}}],"line":80},"3":{"loc":{"start":{"line":83,"column":4},"end":{"line":87,"column":5}},"type":"if","locations":[{"start":{"line":83,"column":4},"end":{"line":87,"column":5}},{"start":{"line":83,"column":4},"end":{"line":87,"column":5}}],"line":83}},"s":{"0":1,"1":1,"2":1,"3":0,"4":1,"5":1,"6":0,"7":0,"8":0,"9":0,"10":0,"11":0,"12":0,"13":0,"14":0,"15":0,"16":0,"17":0,"18":0,"19":0,"20":0,"21":0,"22":0,"23":0,"24":0,"25":0,"26":0,"27":0,"28":0,"29":0,"30":0,"31":0,"32":0,"33":0,"34":0,"35":0,"36":0,"37":0,"38":0},"f":{"0":1,"1":0,"2":1,"3":0,"4":0,"5":0,"6":0,"7":0,"8":0,"9":0,"10":0,"11":0,"12":0},"b":{"0":[0,0],"1":[0,0],"2":[0,0],"3":[0,0]},"_coverageSchema":"43e27e138ebf9cfc5966b082cf9a028302ed4184","hash":"6ea257819defd2dc53ea5a0a5c5b6defbbeae51d"}
,"/Users/jaytong/Dropbox/hackreactor/rh_buysellmodule/src/index.js": {"path":"/Users/jaytong/Dropbox/hackreactor/rh_buysellmodule/src/index.js","statementMap":{"0":{"start":{"line":6,"column":0},"end":{"line":6,"column":57}}},"fnMap":{},"branchMap":{},"s":{"0":0},"f":{},"b":{}}
}
