{"/Users/jaytong/Dropbox/hackreactor/rh_buysellmodule/src/App.jsx": {"path":"/Users/jaytong/Dropbox/hackreactor/rh_buysellmodule/src/App.jsx","statementMap":{"0":{"start":{"line":4,"column":21},"end":{"line":11,"column":1}},"1":{"start":{"line":5,"column":2},"end":{"line":10,"column":19}},"2":{"start":{"line":15,"column":4},"end":{"line":15,"column":17}},"3":{"start":{"line":17,"column":4},"end":{"line":30,"column":6}},"4":{"start":{"line":34,"column":4},"end":{"line":34,"column":24}},"5":{"start":{"line":38,"column":4},"end":{"line":44,"column":9}},"6":{"start":{"line":39,"column":19},"end":{"line":39,"column":27}},"7":{"start":{"line":41,"column":8},"end":{"line":43,"column":11}},"8":{"start":{"line":48,"column":4},"end":{"line":98,"column":6}}},"fnMap":{"0":{"name":"(anonymous_0)","decl":{"start":{"line":4,"column":21},"end":{"line":4,"column":22}},"loc":{"start":{"line":5,"column":2},"end":{"line":10,"column":19}},"line":5},"1":{"name":"(anonymous_1)","decl":{"start":{"line":14,"column":2},"end":{"line":14,"column":3}},"loc":{"start":{"line":14,"column":21},"end":{"line":31,"column":3}},"line":14},"2":{"name":"(anonymous_2)","decl":{"start":{"line":33,"column":2},"end":{"line":33,"column":3}},"loc":{"start":{"line":33,"column":22},"end":{"line":35,"column":3}},"line":33},"3":{"name":"(anonymous_3)","decl":{"start":{"line":37,"column":2},"end":{"line":37,"column":3}},"loc":{"start":{"line":37,"column":17},"end":{"line":45,"column":3}},"line":37},"4":{"name":"(anonymous_4)","decl":{"start":{"line":39,"column":12},"end":{"line":39,"column":13}},"loc":{"start":{"line":39,"column":19},"end":{"line":39,"column":27}},"line":39},"5":{"name":"(anonymous_5)","decl":{"start":{"line":40,"column":12},"end":{"line":40,"column":13}},"loc":{"start":{"line":40,"column":24},"end":{"line":44,"column":7}},"line":40},"6":{"name":"(anonymous_6)","decl":{"start":{"line":47,"column":2},"end":{"line":47,"column":3}},"loc":{"start":{"line":47,"column":11},"end":{"line":99,"column":3}},"line":47}},"branchMap":{},"s":{"0":1,"1":7,"2":5,"3":5,"4":5,"5":5,"6":0,"7":0,"8":5},"f":{"0":7,"1":5,"2":5,"3":5,"4":0,"5":0,"6":5},"b":{},"_coverageSchema":"43e27e138ebf9cfc5966b082cf9a028302ed4184","hash":"aefe3bbdac89e01c95072438a2856b0dc3493549"}
,"/Users/jaytong/Dropbox/hackreactor/rh_buysellmodule/src/index.js": {"path":"/Users/jaytong/Dropbox/hackreactor/rh_buysellmodule/src/index.js","statementMap":{"0":{"start":{"line":6,"column":0},"end":{"line":6,"column":57}}},"fnMap":{},"branchMap":{},"s":{"0":0},"f":{},"b":{}}
}
