TN:
SF:/Users/jaytong/Dropbox/hackreactor/rh_buysellmodule/src/App.jsx
FN:4,(anonymous_0)
FN:14,(anonymous_1)
FN:33,(anonymous_2)
FN:37,(anonymous_3)
FN:39,(anonymous_4)
FN:40,(anonymous_5)
FN:47,(anonymous_6)
FNF:7
FNH:5
FNDA:7,(anonymous_0)
FNDA:5,(anonymous_1)
FNDA:5,(anonymous_2)
FNDA:5,(anonymous_3)
FNDA:0,(anonymous_4)
FNDA:0,(anonymous_5)
FNDA:5,(anonymous_6)
DA:4,1
DA:5,7
DA:15,5
DA:17,5
DA:34,5
DA:38,5
DA:39,0
DA:41,0
DA:48,5
LF:9
LH:7
BRF:0
BRH:0
end_of_record
TN:
SF:/Users/jaytong/Dropbox/hackreactor/rh_buysellmodule/src/index.js
FNF:0
FNH:0
DA:6,0
LF:1
LH:0
BRF:0
BRH:0
end_of_record
