TN:
SF:/Users/jaytong/Dropbox/hackreactor/rh_buysellmodule/src/App.jsx
FN:6,(anonymous_0)
FN:13,(anonymous_1)
FN:55,(anonymous_2)
FN:61,(anonymous_3)
FN:65,(anonymous_4)
FN:69,(anonymous_5)
FN:77,(anonymous_6)
FN:80,(anonymous_7)
FN:81,(anonymous_8)
FN:88,(anonymous_9)
FN:90,(anonymous_10)
FN:91,(anonymous_11)
FN:98,(anonymous_12)
FN:104,(anonymous_13)
FN:125,(anonymous_14)
FN:144,(anonymous_15)
FN:147,(anonymous_16)
FN:160,(anonymous_17)
FN:172,(anonymous_18)
FN:175,(anonymous_19)
FN:189,(anonymous_20)
FN:211,(anonymous_21)
FN:217,(anonymous_22)
FN:223,(anonymous_23)
FN:224,(anonymous_24)
FN:260,(anonymous_25)
FN:261,(anonymous_26)
FN:333,(anonymous_27)
FN:348,(anonymous_28)
FN:368,(anonymous_29)
FN:448,(anonymous_30)
FNF:31
FNH:8
FNDA:5,(anonymous_0)
FNDA:5,(anonymous_1)
FNDA:5,(anonymous_2)
FNDA:0,(anonymous_3)
FNDA:0,(anonymous_4)
FNDA:0,(anonymous_5)
FNDA:5,(anonymous_6)
FNDA:0,(anonymous_7)
FNDA:0,(anonymous_8)
FNDA:5,(anonymous_9)
FNDA:0,(anonymous_10)
FNDA:0,(anonymous_11)
FNDA:0,(anonymous_12)
FNDA:10,(anonymous_13)
FNDA:0,(anonymous_14)
FNDA:0,(anonymous_15)
FNDA:0,(anonymous_16)
FNDA:0,(anonymous_17)
FNDA:0,(anonymous_18)
FNDA:0,(anonymous_19)
FNDA:0,(anonymous_20)
FNDA:0,(anonymous_21)
FNDA:0,(anonymous_22)
FNDA:5,(anonymous_23)
FNDA:5,(anonymous_24)
FNDA:0,(anonymous_25)
FNDA:0,(anonymous_26)
FNDA:0,(anonymous_27)
FNDA:0,(anonymous_28)
FNDA:0,(anonymous_29)
FNDA:0,(anonymous_30)
DA:6,1
DA:7,5
DA:14,5
DA:16,5
DA:43,5
DA:44,5
DA:45,5
DA:46,5
DA:47,5
DA:48,5
DA:49,5
DA:50,5
DA:51,5
DA:52,5
DA:56,5
DA:57,5
DA:58,5
DA:62,0
DA:66,0
DA:70,0
DA:71,0
DA:78,5
DA:79,5
DA:80,0
DA:82,0
DA:89,5
DA:90,0
DA:92,0
DA:99,0
DA:105,10
DA:106,10
DA:108,10
DA:109,10
DA:111,10
DA:113,10
DA:114,10
DA:115,10
DA:116,10
DA:117,10
DA:119,10
DA:121,0
DA:122,0
DA:126,0
DA:128,0
DA:129,0
DA:133,0
DA:134,0
DA:139,0
DA:140,0
DA:144,0
DA:148,0
DA:149,0
DA:153,0
DA:154,0
DA:161,0
DA:162,0
DA:166,0
DA:167,0
DA:172,0
DA:176,0
DA:177,0
DA:178,0
DA:182,0
DA:183,0
DA:190,0
DA:191,0
DA:192,0
DA:194,0
DA:195,0
DA:196,0
DA:197,0
DA:198,0
DA:202,0
DA:203,0
DA:204,0
DA:205,0
DA:212,0
DA:218,0
DA:224,5
DA:225,5
DA:229,5
DA:230,0
DA:235,5
DA:236,0
DA:242,5
DA:246,5
DA:247,5
DA:253,0
DA:260,5
DA:261,0
DA:262,0
DA:263,0
DA:267,0
DA:268,0
DA:272,0
DA:273,0
DA:278,0
DA:285,0
DA:286,0
DA:289,0
DA:290,0
DA:293,0
DA:299,5
DA:300,0
DA:312,5
DA:316,5
DA:317,0
DA:319,5
DA:323,5
DA:324,0
DA:333,0
DA:338,5
DA:339,0
DA:348,0
DA:354,5
DA:358,5
DA:359,0
DA:368,0
DA:374,5
DA:378,5
DA:379,5
DA:388,0
DA:392,5
DA:393,0
DA:402,5
DA:406,5
DA:407,0
DA:415,5
DA:424,5
DA:448,0
LF:130
LH:55
BRDA:70,0,0,0
BRDA:70,0,1,0
BRDA:70,1,0,0
BRDA:70,1,1,0
BRDA:108,2,0,10
BRDA:108,2,1,0
BRDA:113,3,0,10
BRDA:113,3,1,0
BRDA:116,4,0,5
BRDA:116,4,1,5
BRDA:128,5,0,0
BRDA:128,5,1,0
BRDA:139,6,0,0
BRDA:139,6,1,0
BRDA:148,7,0,0
BRDA:148,7,1,0
BRDA:161,8,0,0
BRDA:161,8,1,0
BRDA:176,9,0,0
BRDA:176,9,1,0
BRDA:176,10,0,0
BRDA:176,10,1,0
BRDA:194,11,0,0
BRDA:194,11,1,0
BRDA:229,12,0,0
BRDA:229,12,1,5
BRDA:229,13,0,5
BRDA:229,13,1,0
BRDA:235,14,0,0
BRDA:235,14,1,5
BRDA:246,15,0,5
BRDA:246,15,1,0
BRDA:262,16,0,0
BRDA:262,16,1,0
BRDA:267,17,0,0
BRDA:267,17,1,0
BRDA:272,18,0,0
BRDA:272,18,1,0
BRDA:289,19,0,0
BRDA:289,19,1,0
BRDA:299,20,0,0
BRDA:299,20,1,5
BRDA:316,21,0,0
BRDA:316,21,1,5
BRDA:323,22,0,0
BRDA:323,22,1,5
BRDA:338,23,0,0
BRDA:338,23,1,5
BRDA:358,24,0,0
BRDA:358,24,1,5
BRDA:358,25,0,5
BRDA:358,25,1,5
BRDA:378,26,0,5
BRDA:378,26,1,0
BRDA:392,27,0,0
BRDA:392,27,1,5
BRDA:392,28,0,5
BRDA:392,28,1,5
BRDA:392,28,2,5
BRDA:406,29,0,0
BRDA:406,29,1,5
BRDA:456,30,0,5
BRDA:456,30,1,0
BRDA:464,31,0,5
BRDA:464,31,1,0
BRDA:469,32,0,5
BRDA:469,32,1,0
BRF:67
BRH:24
end_of_record
TN:
SF:/Users/jaytong/Dropbox/hackreactor/rh_buysellmodule/src/Dropdown.jsx
FN:5,(anonymous_0)
FN:17,(anonymous_1)
FN:21,(anonymous_2)
FN:25,(anonymous_3)
FN:31,(anonymous_4)
FN:35,(anonymous_5)
FN:43,(anonymous_6)
FN:48,(anonymous_7)
FN:85,(anonymous_8)
FN:97,(anonymous_9)
FN:113,(anonymous_10)
FN:117,(anonymous_11)
FN:120,(anonymous_12)
FN:123,(anonymous_13)
FN:129,(anonymous_14)
FN:152,(anonymous_15)
FN:155,(anonymous_16)
FN:156,(anonymous_17)
FNF:18
FNH:3
FNDA:1,(anonymous_0)
FNDA:1,(anonymous_1)
FNDA:0,(anonymous_2)
FNDA:0,(anonymous_3)
FNDA:0,(anonymous_4)
FNDA:0,(anonymous_5)
FNDA:0,(anonymous_6)
FNDA:1,(anonymous_7)
FNDA:0,(anonymous_8)
FNDA:0,(anonymous_9)
FNDA:0,(anonymous_10)
FNDA:0,(anonymous_11)
FNDA:0,(anonymous_12)
FNDA:0,(anonymous_13)
FNDA:0,(anonymous_14)
FNDA:0,(anonymous_15)
FNDA:0,(anonymous_16)
FNDA:0,(anonymous_17)
DA:6,1
DA:7,1
DA:8,1
DA:9,1
DA:10,1
DA:11,1
DA:18,1
DA:22,0
DA:26,0
DA:32,0
DA:36,0
DA:37,0
DA:44,0
DA:49,1
DA:55,1
DA:56,0
DA:64,1
DA:73,1
DA:86,0
DA:88,0
DA:91,0
DA:92,0
DA:93,0
DA:94,0
DA:95,0
DA:98,0
DA:100,0
DA:103,0
DA:104,0
DA:106,0
DA:109,0
DA:110,0
DA:114,0
DA:115,0
DA:118,0
DA:121,0
DA:124,0
DA:126,0
DA:130,0
DA:131,0
DA:132,0
DA:133,0
DA:134,0
DA:135,0
DA:136,0
DA:139,0
DA:153,0
DA:156,0
DA:158,0
DA:162,0
LF:50
LH:11
BRDA:36,0,0,0
BRDA:36,0,1,0
BRDA:36,1,0,0
BRDA:36,1,1,0
BRDA:55,2,0,0
BRDA:55,2,1,1
BRDA:98,3,0,0
BRDA:98,3,1,0
BRDA:124,4,0,0
BRDA:124,4,1,0
BRDA:130,5,0,0
BRDA:130,5,1,0
BRDA:133,6,0,0
BRDA:133,6,1,0
BRF:14
BRH:1
end_of_record
TN:
SF:/Users/jaytong/Dropbox/hackreactor/rh_buysellmodule/src/index.js
FNF:0
FNH:0
DA:6,0
LF:1
LH:0
BRF:0
BRH:0
end_of_record
